<?xml version="1.0" encoding="UTF-8"?>
<testsuite name="Shopping by size" tests="1" skipped="0" failures="1" errors="0" timestamp="2021-11-08T12:37:00" hostname="ATHADL27888.local" time="15.844">
  <properties/>
  <testcase name="Searching a T-Shirt" classname="Shopping by size" time="15.844">
    <failure message="org.openqa.selenium.InvalidArgumentException: invalid argument&#10;  (Session info: chrome=95.0.4638.69)&#10;Build info: version: '3.141.59', revision: 'e82be7d358', time: '2018-11-14T08:17:03'&#10;System info: host: 'ATHADL27888.local', ip: 'fe80:0:0:0:1c7a:a3c9:a97:acdc%en0', os.name: 'Mac OS X', os.arch: 'x86_64', os.version: '10.15.7', java.version: '1.8.0_232'&#10;Driver info: org.openqa.selenium.chrome.ChromeDriver&#10;Capabilities {acceptInsecureCerts: false, browserName: chrome, browserVersion: 95.0.4638.69, chrome: {chromedriverVersion: 95.0.4638.69 (6a1600ed572fe..., userDataDir: /var/folders/jj/1kvx_5_x5y7...}, goog:chromeOptions: {debuggerAddress: localhost:64583}, javascriptEnabled: true, networkConnectionEnabled: false, pageLoadStrategy: normal, platform: MAC, platformName: MAC, proxy: Proxy(), setWindowRect: true, strictFileInteractability: false, timeouts: {implicit: 0, pageLoad: 300000, script: 30000}, unhandledPromptBehavior: dismiss and notify, webauthn:extension:credBlob: true, webauthn:extension:largeBlob: true, webauthn:virtualAuthenticators: true}&#10;Session ID: c542e3efe0fa6da29a4867ebbd862687" type="org.openqa.selenium.InvalidArgumentException">org.openqa.selenium.InvalidArgumentException: invalid argument
  (Session info: chrome=95.0.4638.69)
Build info: version: '3.141.59', revision: 'e82be7d358', time: '2018-11-14T08:17:03'
System info: host: 'ATHADL27888.local', ip: 'fe80:0:0:0:1c7a:a3c9:a97:acdc%en0', os.name: 'Mac OS X', os.arch: 'x86_64', os.version: '10.15.7', java.version: '1.8.0_232'
Driver info: org.openqa.selenium.chrome.ChromeDriver
Capabilities {acceptInsecureCerts: false, browserName: chrome, browserVersion: 95.0.4638.69, chrome: {chromedriverVersion: 95.0.4638.69 (6a1600ed572fe..., userDataDir: /var/folders/jj/1kvx_5_x5y7...}, goog:chromeOptions: {debuggerAddress: localhost:64583}, javascriptEnabled: true, networkConnectionEnabled: false, pageLoadStrategy: normal, platform: MAC, platformName: MAC, proxy: Proxy(), setWindowRect: true, strictFileInteractability: false, timeouts: {implicit: 0, pageLoad: 300000, script: 30000}, unhandledPromptBehavior: dismiss and notify, webauthn:extension:credBlob: true, webauthn:extension:largeBlob: true, webauthn:virtualAuthenticators: true}
Session ID: c542e3efe0fa6da29a4867ebbd862687
	at sun.reflect.NativeConstructorAccessorImpl.newInstance0(Native Method)
	at sun.reflect.NativeConstructorAccessorImpl.newInstance(NativeConstructorAccessorImpl.java:62)
	at sun.reflect.DelegatingConstructorAccessorImpl.newInstance(DelegatingConstructorAccessorImpl.java:45)
	at java.lang.reflect.Constructor.newInstance(Constructor.java:423)
	at org.openqa.selenium.remote.http.W3CHttpResponseCodec.createException(W3CHttpResponseCodec.java:187)
	at org.openqa.selenium.remote.http.W3CHttpResponseCodec.decode(W3CHttpResponseCodec.java:122)
	at org.openqa.selenium.remote.http.W3CHttpResponseCodec.decode(W3CHttpResponseCodec.java:49)
	at org.openqa.selenium.remote.HttpCommandExecutor.execute(HttpCommandExecutor.java:158)
	at org.openqa.selenium.remote.service.DriverCommandExecutor.execute(DriverCommandExecutor.java:83)
	at org.openqa.selenium.remote.RemoteWebDriver.execute(RemoteWebDriver.java:552)
	at org.openqa.selenium.remote.RemoteWebDriver.get(RemoteWebDriver.java:277)
	at net.thucydides.core.webdriver.WebDriverFacade.get(WebDriverFacade.java:172)
	at starter.stepdefinitions.SearchStepDefinitions.heShouldShopTShirtsLSize(SearchStepDefinitions.java:48)
	at ✽.he should shop T-shirts L size(file:///Users/jorge.castillo/Downloads/cucumber6_starter-JECV/src/test/resources/features/search/search_by_size.feature:6)
</failure>
  </testcase>
  <system-out><![CDATA[
Scenario: Searching a T-Shirt                        ?[90m# src/test/resources/features/search/search_by_size.feature:3?[0m
07:37:00.569 [Test worker] INFO  i.c.core.plugin.SerenityReporter - Running feature from file:///Users/jorge.castillo/Downloads/cucumber6_starter-JECV/src/test/resources/features/search/search_by_size.feature
07:37:00.653 [Test worker] INFO   - 
  _____   ___   ___   _____     ___   _____     _     ___   _____   ___   ___  
 |_   _| | __| / __| |_   _|   / __| |_   _|   /_\   | _ \ |_   _| | __| |   \ 
   | |   | _|  \__ \   | |     \__ \   | |    / _ \  |   /   | |   | _|  | |) |
   |_|   |___| |___/   |_|     |___/   |_|   /_/ \_\ |_|_\   |_|   |___| |___/ 

Searching a T-Shirt(shopping-by-size;searching-a-t-shirt)
--------------------------------------------------------------------------------
07:37:00.654 [Test worker] INFO  n.thucydides.core.model.TestOutcome - SetUserStory Shopping by size
07:37:00.667 [Test worker] INFO  n.thucydides.core.model.TestOutcome - SetUserStory Shopping by size
07:37:01.256 [Test worker] INFO  n.s.c.w.d.ChromeDriverProvider - Using automatically driver download
07:37:01.441 [Test worker] INFO  i.g.bonigarcia.wdm.WebDriverManager - Using chromedriver 95.0.4638.69 (resolved driver for Chrome 95)
07:37:01.447 [Test worker] INFO  i.g.bonigarcia.wdm.WebDriverManager - Exporting webdriver.chrome.driver as /Users/jorge.castillo/.cache/selenium/chromedriver/mac64/95.0.4638.69/chromedriver
07:37:01.870 [Test worker] INFO  n.s.c.w.d.ProvideNewDriver - Instantiating driver
07:37:01.870 [Test worker] INFO  n.s.c.w.d.ProvideNewDriver - Driver capabilities: Capabilities {acceptInsecureCerts: false, autodownload: true, browserName: chrome, driver: chrome, goog:chromeOptions: {args: [--start-maximized, --test-type, --no-sandbox, --ignore-certificate-errors, \n                   --disa..., --disable-default-apps, --disable-extensions-file-a..., \n                   --inco..., --disable-infobars,--disabl...], extensions: []}, loggingPrefs: org.openqa.selenium.logging...}
  ?[32mGiven ?[0m?[32m?[0m?[32m?[1mJorge?[0m?[32m is shopping T-shirts on the React Shop?[0m ?[90m# starter.stepdefinitions.SearchStepDefinitions.ShoppingTShirtsOnTheReactShop(net.serenitybdd.screenplay.Actor)?[0m
  ?[32mWhen ?[0m?[32m?[0m?[32m?[1mhe?[0m?[32m looks up L size?[0m                            ?[90m# starter.stepdefinitions.SearchStepDefinitions.heLooksUpLSize(net.serenitybdd.screenplay.Actor)?[0m
07:37:15.148 [Test worker] WARN  n.t.core.webdriver.WebDriverFacade - Failed to take screenshot (unexpected alert open: {Alert text : Checkout - Subtotal: $ 72.50}
  (Session info: chrome=95.0.4638.69): Checkout - Subtotal: $ 72.50
Build info: version: '3.141.59', revision: 'e82be7d358', time: '2018-11-14T08:17:03'
System info: host: 'ATHADL27888.local', ip: 'fe80:0:0:0:1c7a:a3c9:a97:acdc%en0', os.name: 'Mac OS X', os.arch: 'x86_64', os.version: '10.15.7', java.version: '1.8.0_232'
Driver info: org.openqa.selenium.chrome.ChromeDriver
Capabilities {acceptInsecureCerts: false, browserName: chrome, browserVersion: 95.0.4638.69, chrome: {chromedriverVersion: 95.0.4638.69 (6a1600ed572fe..., userDataDir: /var/folders/jj/1kvx_5_x5y7...}, goog:chromeOptions: {debuggerAddress: localhost:64583}, javascriptEnabled: true, networkConnectionEnabled: false, pageLoadStrategy: normal, platform: MAC, platformName: MAC, proxy: Proxy(), setWindowRect: true, strictFileInteractability: false, timeouts: {implicit: 0, pageLoad: 300000, script: 30000}, unhandledPromptBehavior: dismiss and notify, webauthn:extension:credBlob: true, webauthn:extension:largeBlob: true, webauthn:virtualAuthenticators: true}
Session ID: c542e3efe0fa6da29a4867ebbd862687)
  ?[31mThen ?[0m?[31m?[0m?[31m?[1mhe?[0m?[31m should shop T-shirts L size?[0m                ?[90m# starter.stepdefinitions.SearchStepDefinitions.heShouldShopTShirtsLSize(net.serenitybdd.screenplay.Actor)?[0m
      ?[31morg.openqa.selenium.InvalidArgumentException: invalid argument
  (Session info: chrome=95.0.4638.69)
Build info: version: '3.141.59', revision: 'e82be7d358', time: '2018-11-14T08:17:03'
System info: host: 'ATHADL27888.local', ip: 'fe80:0:0:0:1c7a:a3c9:a97:acdc%en0', os.name: 'Mac OS X', os.arch: 'x86_64', os.version: '10.15.7', java.version: '1.8.0_232'
Driver info: org.openqa.selenium.chrome.ChromeDriver
Capabilities {acceptInsecureCerts: false, browserName: chrome, browserVersion: 95.0.4638.69, chrome: {chromedriverVersion: 95.0.4638.69 (6a1600ed572fe..., userDataDir: /var/folders/jj/1kvx_5_x5y7...}, goog:chromeOptions: {debuggerAddress: localhost:64583}, javascriptEnabled: true, networkConnectionEnabled: false, pageLoadStrategy: normal, platform: MAC, platformName: MAC, proxy: Proxy(), setWindowRect: true, strictFileInteractability: false, timeouts: {implicit: 0, pageLoad: 300000, script: 30000}, unhandledPromptBehavior: dismiss and notify, webauthn:extension:credBlob: true, webauthn:extension:largeBlob: true, webauthn:virtualAuthenticators: true}
Session ID: c542e3efe0fa6da29a4867ebbd862687
	at sun.reflect.NativeConstructorAccessorImpl.newInstance0(Native Method)
	at sun.reflect.NativeConstructorAccessorImpl.newInstance(NativeConstructorAccessorImpl.java:62)
	at sun.reflect.DelegatingConstructorAccessorImpl.newInstance(DelegatingConstructorAccessorImpl.java:45)
	at java.lang.reflect.Constructor.newInstance(Constructor.java:423)
	at org.openqa.selenium.remote.http.W3CHttpResponseCodec.createException(W3CHttpResponseCodec.java:187)
	at org.openqa.selenium.remote.http.W3CHttpResponseCodec.decode(W3CHttpResponseCodec.java:122)
	at org.openqa.selenium.remote.http.W3CHttpResponseCodec.decode(W3CHttpResponseCodec.java:49)
	at org.openqa.selenium.remote.HttpCommandExecutor.execute(HttpCommandExecutor.java:158)
	at org.openqa.selenium.remote.service.DriverCommandExecutor.execute(DriverCommandExecutor.java:83)
	at org.openqa.selenium.remote.RemoteWebDriver.execute(RemoteWebDriver.java:552)
	at org.openqa.selenium.remote.RemoteWebDriver.get(RemoteWebDriver.java:277)
	at net.thucydides.core.webdriver.WebDriverFacade.get(WebDriverFacade.java:172)
	at starter.stepdefinitions.SearchStepDefinitions.heShouldShopTShirtsLSize(SearchStepDefinitions.java:48)
	at ���.he should shop T-shirts L size(file:///Users/jorge.castillo/Downloads/cucumber6_starter-JECV/src/test/resources/features/search/search_by_size.feature:6)
?[0m
07:37:16.045 [Test worker] ERROR  - 
  _____   ___   ___   _____     ___   ___   ___    ___    ___ 
 |_   _| | __| / __| |_   _|   | __| | _ \ | _ \  / _ \  | _ \
   | |   | _|  \__ \   | |     | _|  |   / |   / | (_) | |   /
   |_|   |___| |___/   |_|     |___| |_|_\ |_|_\  \___/  |_|_\

Searching a T-Shirt
---------------------------------------------------------------
07:37:16.098 [Test worker] ERROR  -     Test failed at step: Then he should shop T-shirts L size
07:37:16.098 [Test worker] ERROR  -     invalid argument
]]></system-out>
  <system-err><![CDATA[Starting ChromeDriver 95.0.4638.69 (6a1600ed572fedecd573b6c2b90a22fe6392a410-refs/branch-heads/4638@{#984}) on port 48889
Only local connections are allowed.
Please see https://chromedriver.chromium.org/security-considerations for suggestions on keeping ChromeDriver safe.
[1636375021.978][WARNING]: FromSockAddr failed on netmask
ChromeDriver was started successfully.
nov 08, 2021 7:37:03 AM org.openqa.selenium.remote.ProtocolHandshake createSession
INFORMACI?N: Detected dialect: W3C
]]></system-err>
</testsuite>
