<?xml version="1.0" encoding="UTF-8"?><testsuite errors="1" failures="0" name="Shopping by size" skipped="0" tests="1" time="15.45" timestamp="2021-11-08 07:37:00"><testcase name="Searching a T-Shirt"><error message="invalid argument&#10;  (Session info: chrome=95.0.4638.69)&#10;Build info: version: '3.141.59', revision: 'e82be7d358', time: '2018-11-14T08:17:03'&#10;System info: host: 'ATHADL27888.local', ip: 'fe80:0:0:0:1c7a:a3c9:a97:acdc%en0', os.name: 'Mac OS X', os.arch: 'x86_64', os.version: '10.15.7', java.version: '1.8.0_232'&#10;Driver info: org.openqa.selenium.chrome.ChromeDriver&#10;Capabilities {acceptInsecureCerts: false, browserName: chrome, browserVersion: 95.0.4638.69, chrome: {chromedriverVersion: 95.0.4638.69 (6a1600ed572fe..., userDataDir: /var/folders/jj/1kvx_5_x5y7...}, goog:chromeOptions: {debuggerAddress: localhost:64583}, javascriptEnabled: true, networkConnectionEnabled: false, pageLoadStrategy: normal, platform: MAC, platformName: MAC, proxy: Proxy(), setWindowRect: true, strictFileInteractability: false, timeouts: {implicit: 0, pageLoad: 300000, script: 30000}, unhandledPromptBehavior: dismiss and notify, webauthn:extension:credBlob: true, webauthn:extension:largeBlob: true, webauthn:virtualAuthenticators: true}&#10;Session ID: c542e3efe0fa6da29a4867ebbd862687&#10;Build info: version: '3.141.59', revision: 'e82be7d358', time: '2018-11-14T08:17:03'&#10;System info: host: 'ATHADL27888.local', ip: 'fe80:0:0:0:1c7a:a3c9:a97:acdc%en0', os.name: 'Mac OS X', os.arch: 'x86_64', os.version: '10.15.7', java.version: '1.8.0_232'&#10;Driver info: driver.version: unknown" type="org.openqa.selenium.InvalidArgumentException">invalid argument
  (Session info: chrome=95.0.4638.69)
Build info: version: '3.141.59', revision: 'e82be7d358', time: '2018-11-14T08:17:03'
System info: host: 'ATHADL27888.local', ip: 'fe80:0:0:0:1c7a:a3c9:a97:acdc%en0', os.name: 'Mac OS X', os.arch: 'x86_64', os.version: '10.15.7', java.version: '1.8.0_232'
Driver info: org.openqa.selenium.chrome.ChromeDriver
Capabilities {acceptInsecureCerts: false, browserName: chrome, browserVersion: 95.0.4638.69, chrome: {chromedriverVersion: 95.0.4638.69 (6a1600ed572fe..., userDataDir: /var/folders/jj/1kvx_5_x5y7...}, goog:chromeOptions: {debuggerAddress: localhost:64583}, javascriptEnabled: true, networkConnectionEnabled: false, pageLoadStrategy: normal, platform: MAC, platformName: MAC, proxy: Proxy(), setWindowRect: true, strictFileInteractability: false, timeouts: {implicit: 0, pageLoad: 300000, script: 30000}, unhandledPromptBehavior: dismiss and notify, webauthn:extension:credBlob: true, webauthn:extension:largeBlob: true, webauthn:virtualAuthenticators: true}
Session ID: c542e3efe0fa6da29a4867ebbd862687
Build info: version: '3.141.59', revision: 'e82be7d358', time: '2018-11-14T08:17:03'
System info: host: 'ATHADL27888.local', ip: 'fe80:0:0:0:1c7a:a3c9:a97:acdc%en0', os.name: 'Mac OS X', os.arch: 'x86_64', os.version: '10.15.7', java.version: '1.8.0_232'
Driver info: driver.version: unknown</error><system-err>invalid argument
  (Session info: chrome=95.0.4638.69)
Build info: version: '3.141.59', revision: 'e82be7d358', time: '2018-11-14T08:17:03'
System info: host: 'ATHADL27888.local', ip: 'fe80:0:0:0:1c7a:a3c9:a97:acdc%en0', os.name: 'Mac OS X', os.arch: 'x86_64', os.version: '10.15.7', java.version: '1.8.0_232'
Driver info: org.openqa.selenium.chrome.ChromeDriver
Capabilities {acceptInsecureCerts: false, browserName: chrome, browserVersion: 95.0.4638.69, chrome: {chromedriverVersion: 95.0.4638.69 (6a1600ed572fe..., userDataDir: /var/folders/jj/1kvx_5_x5y7...}, goog:chromeOptions: {debuggerAddress: localhost:64583}, javascriptEnabled: true, networkConnectionEnabled: false, pageLoadStrategy: normal, platform: MAC, platformName: MAC, proxy: Proxy(), setWindowRect: true, strictFileInteractability: false, timeouts: {implicit: 0, pageLoad: 300000, script: 30000}, unhandledPromptBehavior: dismiss and notify, webauthn:extension:credBlob: true, webauthn:extension:largeBlob: true, webauthn:virtualAuthenticators: true}
Session ID: c542e3efe0fa6da29a4867ebbd862687
Build info: version: '3.141.59', revision: 'e82be7d358', time: '2018-11-14T08:17:03'
System info: host: 'ATHADL27888.local', ip: 'fe80:0:0:0:1c7a:a3c9:a97:acdc%en0', os.name: 'Mac OS X', os.arch: 'x86_64', os.version: '10.15.7', java.version: '1.8.0_232'
Driver info: driver.version: unknown
starter.stepdefinitions.SearchStepDefinitions.heShouldShopTShirtsLSize(SearchStepDefinitions.java:48)
✽.he should shop T-shirts L size(file:///Users/jorge.castillo/Downloads/cucumber6_starter-JECV/src/test/resources/features/search/search_by_size.feature:6)
</system-err></testcase></testsuite>